TN:
SF:script/Counter.s.sol
DA:10,0
FN:10,CounterScript.setUp
FNDA:0,CounterScript.setUp
DA:12,0
FN:12,CounterScript.run
FNDA:0,CounterScript.run
DA:13,0
DA:15,0
DA:17,0
FNF:2
FNH:0
LF:5
LH:0
BRF:0
BRH:0
end_of_record
TN:
SF:src/Counter.sol
DA:7,258
FN:7,Counter.setNumber
FNDA:258,Counter.setNumber
DA:8,258
DA:11,1
FN:11,Counter.increment
FNDA:1,Counter.increment
DA:12,1
FNF:2
FNH:2
LF:4
LH:4
BRF:0
BRH:0
end_of_record
TN:
SF:src/core/CollateralManager.sol
DA:26,51
FN:26,CollateralManager.constructor
FNDA:51,CollateralManager.constructor
DA:27,0
DA:30,51
FN:30,CollateralManager.initialize
FNDA:51,CollateralManager.initialize
DA:31,0
DA:32,0
DA:33,0
DA:34,51
DA:35,51
DA:36,51
DA:39,0
FN:39,CollateralManager._authorizeUpgrade
FNDA:0,CollateralManager._authorizeUpgrade
DA:41,89
FN:41,CollateralManager.setAssetConfig
FNDA:89,CollateralManager.setAssetConfig
DA:42,89
BRDA:42,0,0,89
DA:43,89
DA:44,89
DA:48,1035
FN:48,CollateralManager.assetValueInZUSD
FNDA:1035,CollateralManager.assetValueInZUSD
DA:49,1035
DA:50,1035
BRDA:50,1,0,-
BRDA:50,1,1,-
DA:51,1035
DA:52,1035
BRDA:52,2,0,-
BRDA:52,2,1,-
DA:54,1035
DA:57,11
FN:57,CollateralManager.collateralValueInZUSD
FNDA:11,CollateralManager.collateralValueInZUSD
DA:58,11
DA:59,11
DA:60,11
DA:63,12
FN:63,CollateralManager.getAssets
FNDA:12,CollateralManager.getAssets
DA:64,12
FNF:7
FNH:6
LF:26
LH:21
BRF:5
BRH:1
end_of_record
TN:
SF:src/core/FeeSplitterSpoke.sol
DA:29,29
FN:29,FeeSplitterSpoke.constructor
FNDA:29,FeeSplitterSpoke.constructor
DA:31,29
FN:31,FeeSplitterSpoke.initialize
FNDA:29,FeeSplitterSpoke.initialize
DA:32,0
DA:33,0
DA:34,29
DA:37,29
DA:45,29
FN:45,FeeSplitterSpoke.setZUsdToken
FNDA:29,FeeSplitterSpoke.setZUsdToken
DA:46,29
DA:49,29
FN:49,FeeSplitterSpoke.setRecipients
FNDA:29,FeeSplitterSpoke.setRecipients
DA:55,29
DA:56,29
DA:57,29
DA:58,29
DA:61,6
FN:61,FeeSplitterSpoke.setSplit
FNDA:6,FeeSplitterSpoke.setSplit
DA:63,6
BRDA:63,0,0,-
BRDA:63,0,1,-
DA:65,6
DA:73,0
FN:73,FeeSplitterSpoke._authorizeUpgrade
FNDA:0,FeeSplitterSpoke._authorizeUpgrade
DA:75,5
FN:75,FeeSplitterSpoke.splitFees
FNDA:5,FeeSplitterSpoke.splitFees
DA:76,5
BRDA:76,1,0,-
BRDA:76,1,1,-
DA:77,5
BRDA:77,2,0,-
BRDA:77,2,1,-
DA:80,5
DA:81,5
DA:82,5
DA:83,5
DA:86,5
DA:88,5
BRDA:88,3,0,5
DA:89,5
DA:91,5
BRDA:91,4,0,4
DA:92,4
DA:94,5
BRDA:94,5,0,1
DA:95,1
DA:97,5
BRDA:97,6,0,1
DA:98,1
DA:101,5
FNF:7
FNH:6
LF:34
LH:31
BRF:10
BRH:4
end_of_record
TN:
SF:src/core/FundingModule.sol
DA:16,26
FN:16,FundingModule.constructor
FNDA:26,FundingModule.constructor
DA:18,26
FN:18,FundingModule.initialize
FNDA:26,FundingModule.initialize
DA:19,0
DA:20,0
DA:21,26
DA:22,26
DA:25,0
FN:25,FundingModule._authorizeUpgrade
FNDA:0,FundingModule._authorizeUpgrade
DA:27,8
FN:27,FundingModule.updateFundingIndex
FNDA:8,FundingModule.updateFundingIndex
DA:28,7
DA:29,7
DA:32,9
FN:32,FundingModule.getFundingIndex
FNDA:9,FundingModule.getFundingIndex
DA:33,9
FNF:5
FNH:4
LF:12
LH:9
BRF:0
BRH:0
end_of_record
TN:
SF:src/core/MarginVaultV2.sol
DA:37,49
FN:37,MarginVaultV2.constructor
FNDA:49,MarginVaultV2.constructor
DA:39,49
FN:39,MarginVaultV2.initialize
FNDA:49,MarginVaultV2.initialize
DA:40,0
DA:41,0
DA:42,0
DA:43,0
DA:44,49
DA:45,49
DA:46,49
DA:47,49
DA:50,33
FN:50,MarginVaultV2.setDeps
FNDA:33,MarginVaultV2.setDeps
DA:51,33
DA:52,33
DA:53,33
DA:56,0
FN:56,MarginVaultV2._authorizeUpgrade
FNDA:0,MarginVaultV2._authorizeUpgrade
DA:59,2
FN:59,MarginVaultV2.pause
FNDA:2,MarginVaultV2.pause
DA:60,0
DA:63,0
FN:63,MarginVaultV2.unpause
FNDA:0,MarginVaultV2.unpause
DA:64,0
DA:67,41
FN:67,MarginVaultV2.deposit
FNDA:41,MarginVaultV2.deposit
DA:68,41
BRDA:68,0,0,-
BRDA:68,0,1,-
DA:69,41
DA:70,0
BRDA:70,1,0,-
BRDA:70,1,1,41
DA:71,0
DA:73,41
DA:75,41
DA:78,3
FN:78,MarginVaultV2.withdraw
FNDA:3,MarginVaultV2.withdraw
DA:79,3
BRDA:79,2,0,-
BRDA:79,2,1,-
DA:80,0
BRDA:80,3,0,-
BRDA:80,3,1,3
DA:81,0
DA:82,0
BRDA:82,4,0,-
BRDA:82,4,1,-
DA:83,0
DA:85,3
DA:86,3
BRDA:86,5,0,-
BRDA:86,5,1,-
DA:87,3
DA:90,3
BRDA:90,6,0,-
BRDA:90,6,1,-
DA:91,2
DA:92,3
DA:95,527
FN:95,MarginVaultV2.reserve
FNDA:527,MarginVaultV2.reserve
DA:96,0
BRDA:96,7,0,-
BRDA:96,7,1,527
DA:97,0
DA:98,0
BRDA:98,8,0,-
BRDA:98,8,1,-
DA:99,0
DA:101,527
DA:102,527
BRDA:102,9,0,-
BRDA:102,9,1,-
DA:103,527
DA:106,527
DA:107,527
DA:110,496
FN:110,MarginVaultV2.release
FNDA:496,MarginVaultV2.release
DA:111,0
BRDA:111,10,0,-
BRDA:111,10,1,496
DA:112,0
DA:114,496
DA:116,496
DA:117,496
BRDA:117,11,0,496
BRDA:117,11,1,-
DA:120,12
FN:120,MarginVaultV2.accountEquityZUSD
FNDA:12,MarginVaultV2.accountEquityZUSD
DA:122,12
DA:123,12
DA:124,12
BRDA:124,12,0,12
DA:125,12
DA:126,12
DA:127,25
DA:128,25
DA:129,25
DA:130,10
BRDA:130,14,0,10
DA:131,10
DA:135,12
DA:137,12
BRDA:137,15,0,10
DA:138,10
BRDA:138,16,0,5
BRDA:138,16,1,5
DA:139,5
DA:141,2
DA:145,8
FN:145,MarginVaultV2.getCrossBalance
FNDA:8,MarginVaultV2.getCrossBalance
DA:146,8
DA:150,8
FN:150,MarginVaultV2.penalize
FNDA:8,MarginVaultV2.penalize
DA:151,8
BRDA:151,17,0,-
BRDA:151,17,1,-
DA:152,8
DA:153,8
BRDA:153,18,0,-
BRDA:153,18,1,-
DA:154,8
DA:155,8
DA:159,3
FN:159,MarginVaultV2._hasSufficientEquityAfterChange
FNDA:3,MarginVaultV2._hasSufficientEquityAfterChange
DA:160,3
DA:161,1
DA:163,1
DA:164,0
DA:168,0
FN:168,MarginVaultV2.handlePostLiquidation
FNDA:0,MarginVaultV2.handlePostLiquidation
DA:170,0
BRDA:170,20,0,-
BRDA:170,20,1,-
FNF:15
FNH:12
LF:85
LH:62
BRF:35
BRH:10
end_of_record
TN:
SF:src/core/MarketFactory.sol
DA:17,0
FN:17,MarketFactory.constructor
FNDA:0,MarketFactory.constructor
DA:19,0
FN:19,MarketFactory.initialize
FNDA:0,MarketFactory.initialize
DA:20,0
DA:21,0
DA:22,0
DA:25,0
FN:25,MarketFactory._authorizeUpgrade
FNDA:0,MarketFactory._authorizeUpgrade
DA:27,0
FN:27,MarketFactory.createMarket
FNDA:0,MarketFactory.createMarket
DA:28,0
DA:29,0
FNF:4
FNH:0
LF:9
LH:0
BRF:0
BRH:0
end_of_record
TN:
SF:src/core/OracleRouter.sol
DA:21,57
FN:21,OracleRouter.constructor
FNDA:57,OracleRouter.constructor
DA:23,57
FN:23,OracleRouter.initialize
FNDA:57,OracleRouter.initialize
DA:24,0
DA:25,0
DA:26,57
DA:29,0
FN:29,OracleRouter._authorizeUpgrade
FNDA:0,OracleRouter._authorizeUpgrade
DA:31,107
FN:31,OracleRouter.registerAdapter
FNDA:107,OracleRouter.registerAdapter
DA:32,107
DA:33,107
DA:36,1595
FN:36,OracleRouter.getPriceInZUSD
FNDA:1595,OracleRouter.getPriceInZUSD
DA:37,1595
DA:38,1595
BRDA:38,0,0,-
BRDA:38,0,1,-
DA:39,1595
DA:40,1595
DA:43,669
FN:43,OracleRouter.getPriceAndStale
FNDA:669,OracleRouter.getPriceAndStale
DA:44,669
DA:45,669
BRDA:45,1,0,-
BRDA:45,1,1,-
DA:46,669
DA:47,669
FNF:6
FNH:5
LF:19
LH:16
BRF:4
BRH:0
end_of_record
TN:
SF:src/core/PerpEngine.sol
DA:76,45
FN:76,PerpEngine.constructor
FNDA:45,PerpEngine.constructor
DA:78,45
FN:78,PerpEngine.initialize
FNDA:45,PerpEngine.initialize
DA:79,0
DA:80,0
DA:81,0
DA:82,0
DA:83,45
DA:84,45
DA:85,45
DA:86,45
DA:87,45
DA:90,0
FN:90,PerpEngine._authorizeUpgrade
FNDA:0,PerpEngine._authorizeUpgrade
DA:93,6
FN:93,PerpEngine.pause
FNDA:6,PerpEngine.pause
DA:94,0
DA:97,3
FN:97,PerpEngine.unpause
FNDA:3,PerpEngine.unpause
DA:98,0
DA:101,44
FN:101,PerpEngine.setDeps
FNDA:44,PerpEngine.setDeps
DA:102,44
DA:103,44
DA:104,44
DA:105,44
DA:106,44
DA:107,44
DA:108,44
DA:111,42
FN:111,PerpEngine.registerMarket.0
FNDA:42,PerpEngine.registerMarket.0
DA:112,42
DA:115,10
FN:115,PerpEngine.registerMarket.1
FNDA:10,PerpEngine.registerMarket.1
DA:116,10
DA:119,13
FN:119,PerpEngine.recordFill
FNDA:13,PerpEngine.recordFill
DA:120,12
BRDA:120,0,0,-
BRDA:120,0,1,-
DA:121,12
DA:124,11
DA:125,11
BRDA:125,1,0,-
BRDA:125,1,1,-
DA:126,11
DA:127,11
BRDA:127,2,0,-
BRDA:127,2,1,-
DA:128,10
BRDA:128,3,0,10
DA:129,10
DA:130,10
DA:131,10
BRDA:131,4,0,10
BRDA:131,4,1,10
DA:135,10
BRDA:135,5,0,6
DA:136,6
BRDA:136,6,0,6
BRDA:136,6,1,-
DA:140,10
DA:141,10
DA:142,10
DA:143,10
DA:145,10
DA:146,10
BRDA:146,7,0,9
BRDA:146,7,1,1
DA:148,9
DA:149,1
BRDA:149,8,0,1
BRDA:149,8,1,-
DA:151,1
DA:152,1
DA:153,1
DA:154,1
DA:155,1
DA:161,10
BRDA:161,9,0,9
DA:162,9
DA:166,10
BRDA:166,10,0,2
DA:167,2
DA:171,10
DA:174,10
BRDA:174,11,0,5
DA:175,5
DA:176,5
DA:179,10
DA:180,10
DA:184,528
FN:184,PerpEngine._reserveInitialMargin
FNDA:528,PerpEngine._reserveInitialMargin
DA:185,528
DA:186,527
DA:193,527
DA:194,527
DA:195,527
DA:199,646
FN:199,PerpEngine.openPosition
FNDA:646,PerpEngine.openPosition
DA:200,646
DA:201,646
BRDA:201,13,0,-
BRDA:201,13,1,-
DA:202,646
DA:203,646
BRDA:203,14,0,-
BRDA:203,14,1,-
DA:204,645
BRDA:204,15,0,-
BRDA:204,15,1,-
DA:205,646
DA:206,645
DA:207,645
BRDA:207,16,0,-
BRDA:207,16,1,-
DA:208,645
DA:219,645
DA:223,518
FN:223,PerpEngine._processOpenPosition
FNDA:518,PerpEngine._processOpenPosition
DA:231,518
BRDA:231,17,0,-
BRDA:231,17,1,-
DA:232,518
DA:233,518
DA:234,518
DA:235,518
DA:236,518
DA:237,518
DA:238,518
BRDA:238,18,0,516
BRDA:238,18,1,2
DA:239,516
DA:240,2
BRDA:240,19,0,2
DA:241,2
DA:242,2
DA:243,2
DA:244,2
DA:246,518
BRDA:246,20,0,516
DA:247,518
DA:248,518
DA:249,518
DA:250,518
DA:253,128229
FN:253,PerpEngine.closePosition
FNDA:128229,PerpEngine.closePosition
DA:254,128229
DA:255,128229
BRDA:255,21,0,-
BRDA:255,21,1,-
DA:256,521
DA:257,521
DA:258,521
BRDA:258,22,0,-
BRDA:258,22,1,-
DA:259,521
DA:260,0
DA:262,521
DA:273,521
BRDA:273,23,0,-
BRDA:273,23,1,-
DA:274,487
DA:276,487
DA:277,487
DA:278,487
DA:281,487
DA:283,487
DA:284,487
DA:285,487
DA:286,0
BRDA:286,24,0,-
DA:288,487
BRDA:288,25,0,487
DA:289,487
DA:290,487
DA:291,487
DA:292,487
DA:293,487
DA:295,487
DA:296,487
DA:297,487
DA:300,0
FN:300,PerpEngine.updatePositionMargin
FNDA:0,PerpEngine.updatePositionMargin
DA:305,0
FN:305,PerpEngine.getPositionMarginRatioBps
FNDA:0,PerpEngine.getPositionMarginRatioBps
DA:306,0
DA:307,0
DA:308,0
DA:309,0
DA:311,0
DA:312,0
DA:313,0
DA:314,0
DA:317,6
FN:317,PerpEngine.liquidate
FNDA:6,PerpEngine.liquidate
DA:318,6
DA:319,6
BRDA:319,29,0,-
BRDA:319,29,1,-
DA:320,5
BRDA:320,30,0,5
DA:321,5
DA:322,5
BRDA:322,31,0,-
BRDA:322,31,1,-
DA:324,5
DA:325,5
DA:326,5
DA:328,5
DA:329,5
DA:330,5
BRDA:330,32,0,-
BRDA:330,32,1,-
DA:331,5
DA:332,5
DA:333,5
DA:334,5
BRDA:334,33,0,4
DA:335,4
DA:336,4
DA:337,4
DA:338,4
BRDA:338,34,0,4
BRDA:338,34,1,-
DA:339,4
DA:340,4
DA:341,0
BRDA:341,35,0,-
BRDA:341,35,1,-
DA:342,0
DA:343,0
DA:344,0
DA:346,0
DA:350,5
DA:351,5
DA:352,5
DA:353,5
DA:354,5
DA:357,5
DA:359,5
DA:360,5
DA:363,7
FN:363,PerpEngine.liquidatePartial
FNDA:7,PerpEngine.liquidatePartial
DA:364,6
DA:365,6
BRDA:365,36,0,-
BRDA:365,36,1,-
DA:366,6
BRDA:366,37,0,-
BRDA:366,37,1,-
DA:368,5
DA:369,5
BRDA:369,38,0,-
BRDA:369,38,1,-
DA:371,4
BRDA:371,39,0,4
DA:372,4
DA:373,4
BRDA:373,40,0,-
BRDA:373,40,1,-
DA:377,0
DA:378,4
DA:380,4
BRDA:380,41,0,2
BRDA:380,41,1,-
DA:381,2
DA:382,2
DA:384,2
DA:386,2
DA:391,4
DA:392,4
DA:393,4
BRDA:393,42,0,-
BRDA:393,42,1,-
DA:395,4
DA:396,4
DA:397,4
DA:398,4
BRDA:398,43,0,4
DA:399,4
DA:400,4
DA:401,4
DA:402,4
BRDA:402,44,0,4
BRDA:402,44,1,-
DA:403,4
DA:404,4
DA:405,0
BRDA:405,45,0,-
BRDA:405,45,1,-
DA:406,0
DA:407,0
DA:408,0
DA:410,0
DA:415,4
DA:416,4
DA:417,4
DA:418,4
DA:419,4
DA:421,4
DA:422,4
DA:426,494
FN:426,PerpEngine._pruneZeroPosition
FNDA:494,PerpEngine._pruneZeroPosition
DA:427,494
DA:428,494
DA:429,494
BRDA:429,46,0,494
DA:430,494
DA:431,494
DA:432,0
DA:437,10
FN:437,PerpEngine.computeAccountMMRZ
FNDA:10,PerpEngine.computeAccountMMRZ
DA:438,10
DA:439,10
DA:440,12
DA:441,12
DA:442,12
DA:443,12
DA:444,12
DA:446,12
DA:447,12
DA:448,12
DA:452,12
FN:452,PerpEngine.getUnrealizedPnlZ
FNDA:12,PerpEngine.getUnrealizedPnlZ
DA:453,12
DA:454,12
DA:455,12
DA:456,14
DA:457,14
DA:458,14
DA:459,14
DA:460,14
DA:462,14
DA:463,14
DA:464,14
DA:465,14
DA:466,14
BRDA:466,51,0,2
DA:467,14
DA:469,0
DA:472,4
FN:472,PerpEngine.getUnrealizedPnlZWithFunding
FNDA:4,PerpEngine.getUnrealizedPnlZWithFunding
DA:473,4
DA:474,4
DA:475,4
DA:476,4
DA:477,4
DA:478,4
DA:479,4
DA:480,4
DA:482,4
DA:483,4
DA:484,4
DA:485,4
DA:486,4
BRDA:486,54,0,-
DA:489,4
BRDA:489,55,0,4
DA:490,4
DA:491,4
DA:492,4
DA:495,4
DA:496,4
DA:499,4
DA:501,0
DA:504,16
FN:504,PerpEngine.getPosition
FNDA:16,PerpEngine.getPosition
DA:505,16
DA:508,20
FN:508,PerpEngine.getOpenMarketsForAccount
FNDA:20,PerpEngine.getOpenMarketsForAccount
DA:509,20
FNF:23
FNH:20
LF:275
LH:242
BRF:75
BRH:26
end_of_record
TN:
SF:src/core/RiskConfig.sol
DA:17,44
FN:17,RiskConfig.constructor
FNDA:44,RiskConfig.constructor
DA:19,44
FN:19,RiskConfig.initialize
FNDA:44,RiskConfig.initialize
DA:20,0
DA:21,0
DA:22,44
DA:23,44
DA:26,0
FN:26,RiskConfig._authorizeUpgrade
FNDA:0,RiskConfig._authorizeUpgrade
DA:28,50
FN:28,RiskConfig.setMarketRisk
FNDA:50,RiskConfig.setMarketRisk
DA:29,50
DA:30,50
DA:33,0
FN:33,RiskConfig.getMarketRisk
FNDA:0,RiskConfig.getMarketRisk
DA:34,0
DA:37,496
FN:37,RiskConfig.getIMRBps
FNDA:496,RiskConfig.getIMRBps
DA:38,496
DA:41,12
FN:41,RiskConfig.getMMRBps
FNDA:12,RiskConfig.getMMRBps
DA:42,12
DA:45,9
FN:45,RiskConfig.getLiqPenaltyBps
FNDA:9,RiskConfig.getLiqPenaltyBps
DA:46,9
DA:49,527
FN:49,RiskConfig.requiredInitialMarginZ
FNDA:527,RiskConfig.requiredInitialMarginZ
DA:50,527
DA:51,527
DA:52,527
FNF:9
FNH:7
LF:22
LH:17
BRF:0
BRH:0
end_of_record
TN:
SF:src/core/SignedPriceOracle.sol
DA:31,58
FN:31,SignedPriceOracle.constructor
FNDA:58,SignedPriceOracle.constructor
DA:33,58
FN:33,SignedPriceOracle.initialize
FNDA:58,SignedPriceOracle.initialize
DA:34,0
DA:35,0
DA:36,58
DA:37,58
DA:38,58
DA:39,58
DA:40,58
DA:41,58
DA:42,58
DA:45,0
FN:45,SignedPriceOracle._authorizeUpgrade
FNDA:0,SignedPriceOracle._authorizeUpgrade
DA:47,0
FN:47,SignedPriceOracle.setSigner
FNDA:0,SignedPriceOracle.setSigner
DA:48,0
DA:51,6
FN:51,SignedPriceOracle.setMaxStale
FNDA:6,SignedPriceOracle.setMaxStale
DA:52,4
DA:55,2
FN:55,SignedPriceOracle.getMaxStale
FNDA:2,SignedPriceOracle.getMaxStale
DA:56,2
DA:60,121
FN:60,SignedPriceOracle.setPrice
FNDA:121,SignedPriceOracle.setPrice
DA:61,121
DA:62,121
DA:65,0
FN:65,SignedPriceOracle.setPriceSigned
FNDA:0,SignedPriceOracle.setPriceSigned
DA:66,0
DA:69,0
DA:77,0
DA:78,0
DA:79,0
BRDA:79,0,0,-
BRDA:79,0,1,-
DA:82,0
DA:84,0
DA:85,0
DA:88,0
FN:88,SignedPriceOracle.setPriceSignedLegacy
FNDA:0,SignedPriceOracle.setPriceSignedLegacy
DA:90,0
DA:91,0
DA:92,0
BRDA:92,1,0,-
BRDA:92,1,1,-
DA:93,0
DA:94,0
DA:97,2265
FN:97,SignedPriceOracle.getPrice
FNDA:2265,SignedPriceOracle.getPrice
DA:98,2265
DA:99,2265
DA:101,2265
BRDA:101,2,0,2
BRDA:101,2,1,2261
DA:102,2
DA:103,2263
BRDA:103,3,0,2
BRDA:103,3,1,2261
DA:104,2
DA:106,2261
FNF:10
FNH:6
LF:44
LH:24
BRF:8
BRH:4
end_of_record
TN:
SF:src/core/TreasurySpoke.sol
DA:16,29
FN:16,TreasurySpoke.constructor
FNDA:29,TreasurySpoke.constructor
DA:18,29
FN:18,TreasurySpoke.initialize
FNDA:29,TreasurySpoke.initialize
DA:19,0
DA:20,0
DA:21,29
DA:22,29
DA:25,29
FN:25,TreasurySpoke.setZUsdToken
FNDA:29,TreasurySpoke.setZUsdToken
DA:26,29
DA:29,0
FN:29,TreasurySpoke._authorizeUpgrade
FNDA:0,TreasurySpoke._authorizeUpgrade
DA:31,6
FN:31,TreasurySpoke.balanceOf
FNDA:6,TreasurySpoke.balanceOf
DA:32,6
DA:36,0
FN:36,TreasurySpoke.depositFromBot
FNDA:0,TreasurySpoke.depositFromBot
DA:40,0
FN:40,TreasurySpoke.sweepToHub
FNDA:0,TreasurySpoke.sweepToHub
DA:41,0
DA:44,5
FN:44,TreasurySpoke.forwardFeesToSplitter
FNDA:5,TreasurySpoke.forwardFeesToSplitter
DA:45,5
BRDA:45,0,0,-
BRDA:45,0,1,-
DA:46,5
BRDA:46,1,0,-
BRDA:46,1,1,-
DA:47,5
BRDA:47,2,0,-
BRDA:47,2,1,-
DA:50,5
DA:51,5
DA:54,8
FN:54,TreasurySpoke.receivePenalty.0
FNDA:8,TreasurySpoke.receivePenalty.0
DA:57,8
BRDA:57,3,0,-
BRDA:57,3,1,-
DA:58,8
DA:64,0
FN:64,TreasurySpoke.receivePenalty.1
FNDA:0,TreasurySpoke.receivePenalty.1
FNF:10
FNH:6
LF:24
LH:17
BRF:8
BRH:0
end_of_record
TN:
SF:src/tokens/MockERC20.sol
DA:12,60
FN:12,MockERC20.constructor
FNDA:60,MockERC20.constructor
DA:13,60
DA:16,0
FN:16,MockERC20.decimals
FNDA:0,MockERC20.decimals
DA:17,0
DA:21,33
FN:21,MockERC20.mint
FNDA:33,MockERC20.mint
DA:22,33
FNF:3
FNH:2
LF:6
LH:4
BRF:0
BRH:0
end_of_record
TN:
SF:src/tokens/MockzUSD.sol
DA:13,0
FN:13,MockzUSD.decimals
FNDA:0,MockzUSD.decimals
DA:14,0
DA:17,102
FN:17,MockzUSD.mint
FNDA:102,MockzUSD.mint
DA:18,102
FNF:2
FNH:1
LF:4
LH:2
BRF:0
BRH:0
end_of_record
