TN:
SF:script/Counter.s.sol
DA:10,0
FN:10,CounterScript.setUp
FNDA:0,CounterScript.setUp
DA:12,0
FN:12,CounterScript.run
FNDA:0,CounterScript.run
DA:13,0
DA:15,0
DA:17,0
FNF:2
FNH:0
LF:5
LH:0
BRF:0
BRH:0
end_of_record
TN:
SF:src/Counter.sol
DA:7,258
FN:7,Counter.setNumber
FNDA:258,Counter.setNumber
DA:8,258
DA:11,1
FN:11,Counter.increment
FNDA:1,Counter.increment
DA:13,1
FNF:2
FNH:2
LF:4
LH:4
BRF:0
BRH:0
end_of_record
TN:
SF:src/bridge/AssetMapper.sol
DA:22,30
FN:22,AssetMapper.constructor
FNDA:30,AssetMapper.constructor
DA:24,29
FN:24,AssetMapper.initialize
FNDA:29,AssetMapper.initialize
DA:25,0
DA:26,29
DA:29,2
FN:29,AssetMapper._authorizeUpgrade
FNDA:2,AssetMapper._authorizeUpgrade
DA:31,15
FN:31,AssetMapper.setMapping
FNDA:15,AssetMapper.setMapping
DA:32,14
BRDA:32,0,0,14
BRDA:32,0,1,13
DA:33,12
DA:34,12
DA:35,14
DA:38,10
FN:38,AssetMapper.getBaseAsset
FNDA:10,AssetMapper.getBaseAsset
DA:39,10
DA:42,7
FN:42,AssetMapper.getSatelliteAsset
FNDA:7,AssetMapper.getSatelliteAsset
DA:43,7
FNF:6
FNH:6
LF:14
LH:13
BRF:2
BRH:2
end_of_record
TN:
SF:src/bridge/BridgeAdapter.sol
DA:30,29
FN:30,BridgeAdapter.constructor
FNDA:29,BridgeAdapter.constructor
DA:31,0
DA:34,28
FN:34,BridgeAdapter.initialize
FNDA:28,BridgeAdapter.initialize
DA:35,0
DA:36,0
DA:37,0
DA:38,0
DA:39,28
DA:40,28
DA:41,28
DA:42,28
DA:43,28
DA:46,1
FN:46,BridgeAdapter._authorizeUpgrade
FNDA:1,BridgeAdapter._authorizeUpgrade
DA:48,2
FN:48,BridgeAdapter.setVault
FNDA:2,BridgeAdapter.setVault
DA:49,1
DA:50,1
DA:53,5
FN:53,BridgeAdapter.setMessageSenderAdapter
FNDA:5,BridgeAdapter.setMessageSenderAdapter
DA:54,4
DA:55,4
DA:58,4
FN:58,BridgeAdapter.setLimits
FNDA:4,BridgeAdapter.setLimits
DA:59,3
DA:60,3
DA:64,16
FN:64,BridgeAdapter.creditFromMessage
FNDA:16,BridgeAdapter.creditFromMessage
DA:72,15
DA:73,15
BRDA:73,0,0,8
DA:74,8
DA:75,8
BRDA:75,1,0,8
DA:76,8
DA:77,8
BRDA:77,2,0,-
BRDA:77,2,1,-
DA:78,8
DA:80,4
BRDA:80,3,0,6
DA:81,6
DA:82,6
BRDA:82,4,0,-
BRDA:82,4,1,-
DA:83,6
DA:88,11
DA:89,11
DA:93,7
FN:93,BridgeAdapter.initiateWithdrawal
FNDA:7,BridgeAdapter.initiateWithdrawal
DA:100,7
BRDA:100,5,0,-
BRDA:100,5,1,-
DA:102,6
DA:103,6
DA:104,5
DA:106,5
BRDA:106,6,0,3
DA:108,3
DA:118,3
BRDA:118,7,0,-
BRDA:118,7,1,-
FNF:8
FNH:8
LF:44
LH:39
BRF:12
BRH:4
end_of_record
TN:
SF:src/bridge/op/OpL2L2Receiver.sol
DA:35,15
FN:35,OpL2L2Receiver.constructor
FNDA:15,OpL2L2Receiver.constructor
DA:36,0
DA:39,14
FN:39,OpL2L2Receiver.initialize
FNDA:14,OpL2L2Receiver.initialize
DA:40,0
DA:41,0
DA:42,0
DA:43,0
DA:44,14
DA:45,14
DA:46,14
DA:47,14
DA:48,14
DA:51,1
FN:51,OpL2L2Receiver._authorizeUpgrade
FNDA:1,OpL2L2Receiver._authorizeUpgrade
DA:53,5
FN:53,OpL2L2Receiver.onlyMessenger
FNDA:5,OpL2L2Receiver.onlyMessenger
DA:54,5
BRDA:54,0,0,-
BRDA:54,0,1,-
DA:58,9
FN:58,OpL2L2Receiver.setBridgeAdapter
FNDA:9,OpL2L2Receiver.setBridgeAdapter
DA:59,8
DA:60,8
DA:63,7
FN:63,OpL2L2Receiver.setEscrowGateway
FNDA:7,OpL2L2Receiver.setEscrowGateway
DA:64,6
DA:65,6
DA:68,9
FN:68,OpL2L2Receiver.setAssetMapper
FNDA:9,OpL2L2Receiver.setAssetMapper
DA:69,8
DA:70,8
DA:73,2
FN:73,OpL2L2Receiver.setMessenger
FNDA:2,OpL2L2Receiver.setMessenger
DA:74,1
DA:75,1
DA:78,2
FN:78,OpL2L2Receiver.setRemoteSender
FNDA:2,OpL2L2Receiver.setRemoteSender
DA:79,1
DA:80,1
DA:84,3
FN:84,OpL2L2Receiver.setMessengerToDefault
FNDA:3,OpL2L2Receiver.setMessengerToDefault
DA:85,2
DA:86,2
DA:90,6
FN:90,OpL2L2Receiver.onDepositMessage
FNDA:6,OpL2L2Receiver.onDepositMessage
DA:96,6
BRDA:96,1,0,6
BRDA:96,1,1,-
DA:97,5
DA:98,5
BRDA:98,2,0,-
BRDA:98,2,1,-
DA:99,5
DA:100,3
DA:101,0
BRDA:101,3,0,-
BRDA:101,3,1,-
DA:102,2
DA:103,2
DA:107,4
FN:107,OpL2L2Receiver.onWithdrawalMessage
FNDA:4,OpL2L2Receiver.onWithdrawalMessage
DA:113,4
BRDA:113,4,0,4
BRDA:113,4,1,-
DA:114,3
DA:115,3
BRDA:115,5,0,-
BRDA:115,5,1,-
DA:116,3
DA:118,2
DA:119,2
FNF:12
FNH:12
LF:49
LH:43
BRF:12
BRH:2
end_of_record
TN:
SF:src/bridge/op/OpL2L2Sender.sol
DA:28,15
FN:28,OpL2L2Sender.constructor
FNDA:15,OpL2L2Sender.constructor
DA:29,0
DA:32,14
FN:32,OpL2L2Sender.initialize
FNDA:14,OpL2L2Sender.initialize
DA:33,0
DA:34,0
DA:35,0
DA:36,0
DA:37,14
DA:38,14
DA:39,14
DA:40,14
DA:41,14
DA:42,14
DA:43,14
DA:46,1
FN:46,OpL2L2Sender._authorizeUpgrade
FNDA:1,OpL2L2Sender._authorizeUpgrade
DA:48,2
FN:48,OpL2L2Sender.setMessenger
FNDA:2,OpL2L2Sender.setMessenger
DA:49,1
DA:50,1
DA:54,3
FN:54,OpL2L2Sender.setMessengerToDefault
FNDA:3,OpL2L2Sender.setMessengerToDefault
DA:55,2
DA:56,2
DA:59,10
FN:59,OpL2L2Sender.setRemoteReceiver
FNDA:10,OpL2L2Sender.setRemoteReceiver
DA:60,9
DA:61,9
DA:64,8
FN:64,OpL2L2Sender.setAssetMapper
FNDA:8,OpL2L2Sender.setAssetMapper
DA:65,7
DA:66,7
DA:69,5
FN:69,OpL2L2Sender.setMinGasLimit
FNDA:5,OpL2L2Sender.setMinGasLimit
DA:70,4
DA:71,4
DA:74,2
FN:74,OpL2L2Sender.sendDeposit
FNDA:2,OpL2L2Sender.sendDeposit
DA:75,2
DA:78,2
DA:81,4
FN:81,OpL2L2Sender.sendWithdrawal
FNDA:4,OpL2L2Sender.sendWithdrawal
DA:83,4
DA:84,1
BRDA:84,0,0,-
BRDA:84,0,1,-
DA:85,1
DA:88,3
FNF:10
FNH:10
LF:38
LH:33
BRF:2
BRH:0
end_of_record
TN:
SF:src/bridge/via/ViaMessageSender.sol
DA:27,0
FN:27,ViaMessageSender.constructor
FNDA:0,ViaMessageSender.constructor
DA:28,0
DA:31,0
FN:31,ViaMessageSender.initialize
FNDA:0,ViaMessageSender.initialize
DA:32,0
DA:33,0
DA:34,0
DA:35,0
DA:36,0
DA:37,0
DA:38,0
DA:39,0
DA:40,0
DA:41,0
DA:42,0
DA:45,0
FN:45,ViaMessageSender._authorizeUpgrade
FNDA:0,ViaMessageSender._authorizeUpgrade
DA:47,0
FN:47,ViaMessageSender.setRouter
FNDA:0,ViaMessageSender.setRouter
DA:48,0
FN:48,ViaMessageSender.setDstChain
FNDA:0,ViaMessageSender.setDstChain
DA:49,0
FN:49,ViaMessageSender.setRemoteReceiver
FNDA:0,ViaMessageSender.setRemoteReceiver
DA:50,0
FN:50,ViaMessageSender.setCallValue
FNDA:0,ViaMessageSender.setCallValue
DA:52,0
FN:52,ViaMessageSender.sendDeposit
FNDA:0,ViaMessageSender.sendDeposit
DA:53,0
DA:56,0
DA:59,0
FN:59,ViaMessageSender.sendWithdrawal
FNDA:0,ViaMessageSender.sendWithdrawal
DA:60,0
DA:63,0
FNF:9
FNH:0
LF:25
LH:0
BRF:0
BRH:0
end_of_record
TN:
SF:src/bridge/via/ViaReceiver.sol
DA:36,0
FN:36,ViaReceiver.constructor
FNDA:0,ViaReceiver.constructor
DA:37,0
DA:40,0
FN:40,ViaReceiver.initialize
FNDA:0,ViaReceiver.initialize
DA:41,0
DA:42,0
DA:43,0
DA:44,0
DA:45,0
DA:46,0
DA:47,0
DA:48,0
DA:49,0
DA:52,0
FN:52,ViaReceiver._authorizeUpgrade
FNDA:0,ViaReceiver._authorizeUpgrade
DA:54,0
FN:54,ViaReceiver.onlyRouter
FNDA:0,ViaReceiver.onlyRouter
DA:55,0
BRDA:55,0,0,-
BRDA:55,0,1,-
DA:59,0
FN:59,ViaReceiver.setRouter
FNDA:0,ViaReceiver.setRouter
DA:60,0
DA:61,0
DA:64,0
FN:64,ViaReceiver.setExpectedRemoteSender
FNDA:0,ViaReceiver.setExpectedRemoteSender
DA:65,0
DA:66,0
DA:69,0
FN:69,ViaReceiver.setBridgeAdapter
FNDA:0,ViaReceiver.setBridgeAdapter
DA:70,0
DA:71,0
DA:74,0
FN:74,ViaReceiver.setEscrowGateway
FNDA:0,ViaReceiver.setEscrowGateway
DA:75,0
DA:76,0
DA:79,0
FN:79,ViaReceiver.setAssetMapper
FNDA:0,ViaReceiver.setAssetMapper
DA:80,0
DA:81,0
DA:86,0
FN:86,ViaReceiver.onDepositMessage
FNDA:0,ViaReceiver.onDepositMessage
DA:94,0
BRDA:94,1,0,-
BRDA:94,1,1,-
DA:95,0
DA:96,0
BRDA:96,2,0,-
BRDA:96,2,1,-
DA:97,0
DA:98,0
DA:99,0
BRDA:99,3,0,-
BRDA:99,3,1,-
DA:100,0
DA:101,0
DA:105,0
FN:105,ViaReceiver.onWithdrawalMessage
FNDA:0,ViaReceiver.onWithdrawalMessage
DA:113,0
BRDA:113,4,0,-
BRDA:113,4,1,-
DA:114,0
DA:115,0
BRDA:115,5,0,-
BRDA:115,5,1,-
DA:116,0
DA:117,0
DA:118,0
FNF:11
FNH:0
LF:46
LH:0
BRF:12
BRH:0
end_of_record
TN:
SF:src/core/CollateralManager.sol
DA:32,67
FN:32,CollateralManager.constructor
FNDA:67,CollateralManager.constructor
DA:33,0
DA:36,66
FN:36,CollateralManager.initialize
FNDA:66,CollateralManager.initialize
DA:37,0
DA:38,0
DA:39,0
DA:40,66
DA:41,66
DA:42,66
DA:45,1
FN:45,CollateralManager._authorizeUpgrade
FNDA:1,CollateralManager._authorizeUpgrade
DA:47,111
FN:47,CollateralManager.setAssetConfig
FNDA:111,CollateralManager.setAssetConfig
DA:52,110
BRDA:52,0,0,108
DA:53,108
DA:54,108
DA:56,110
DA:57,110
DA:60,1000
FN:60,CollateralManager.assetValueInZUSD
FNDA:1000,CollateralManager.assetValueInZUSD
DA:61,1000
DA:62,1000
BRDA:62,1,0,-
BRDA:62,1,1,-
DA:63,1000
DA:64,999
BRDA:64,2,0,-
BRDA:64,2,1,-
DA:66,999
DA:69,16
FN:69,CollateralManager.collateralValueInZUSD
FNDA:16,CollateralManager.collateralValueInZUSD
DA:70,16
DA:71,16
DA:72,16
DA:75,18
FN:75,CollateralManager.getAssets
FNDA:18,CollateralManager.getAssets
DA:76,18
FNF:7
FNH:7
LF:28
LH:24
BRF:5
BRH:1
end_of_record
TN:
SF:src/core/FeeSplitterSpoke.sol
DA:30,29
FN:30,FeeSplitterSpoke.constructor
FNDA:29,FeeSplitterSpoke.constructor
DA:31,0
DA:34,29
FN:34,FeeSplitterSpoke.initialize
FNDA:29,FeeSplitterSpoke.initialize
DA:35,0
DA:36,0
DA:37,29
DA:40,29
DA:43,29
FN:43,FeeSplitterSpoke.setZUsdToken
FNDA:29,FeeSplitterSpoke.setZUsdToken
DA:44,29
DA:47,29
FN:47,FeeSplitterSpoke.setRecipients
FNDA:29,FeeSplitterSpoke.setRecipients
DA:53,29
DA:54,29
DA:55,29
DA:56,29
DA:59,6
FN:59,FeeSplitterSpoke.setSplit
FNDA:6,FeeSplitterSpoke.setSplit
DA:63,6
BRDA:63,0,0,-
BRDA:63,0,1,-
DA:65,6
DA:69,0
FN:69,FeeSplitterSpoke._authorizeUpgrade
FNDA:0,FeeSplitterSpoke._authorizeUpgrade
DA:71,5
FN:71,FeeSplitterSpoke.splitFees
FNDA:5,FeeSplitterSpoke.splitFees
DA:75,5
BRDA:75,1,0,-
BRDA:75,1,1,-
DA:76,5
BRDA:76,2,0,-
BRDA:76,2,1,-
DA:79,5
DA:80,5
DA:81,5
DA:82,5
DA:85,5
DA:87,5
BRDA:87,3,0,5
DA:88,5
DA:90,5
BRDA:90,4,0,4
DA:91,4
DA:93,5
BRDA:93,5,0,1
DA:94,1
DA:96,5
BRDA:96,6,0,1
DA:97,1
DA:100,5
FNF:7
FNH:6
LF:35
LH:31
BRF:10
BRH:4
end_of_record
TN:
SF:src/core/FundingModule.sol
DA:16,44
FN:16,FundingModule.constructor
FNDA:44,FundingModule.constructor
DA:18,41
FN:18,FundingModule.initialize
FNDA:41,FundingModule.initialize
DA:19,0
DA:20,41
DA:23,2
FN:23,FundingModule._authorizeUpgrade
FNDA:2,FundingModule._authorizeUpgrade
DA:25,22
FN:25,FundingModule.updateFundingIndex
FNDA:22,FundingModule.updateFundingIndex
DA:26,20
DA:27,20
DA:30,24
FN:30,FundingModule.getFundingIndex
FNDA:24,FundingModule.getFundingIndex
DA:31,24
FNF:5
FNH:5
LF:10
LH:9
BRF:0
BRH:0
end_of_record
TN:
SF:src/core/MarginVaultV2.sol
DA:48,79
FN:48,MarginVaultV2.constructor
FNDA:79,MarginVaultV2.constructor
DA:49,0
DA:52,78
FN:52,MarginVaultV2.initialize
FNDA:78,MarginVaultV2.initialize
DA:53,0
DA:54,0
DA:55,0
DA:56,0
DA:57,78
DA:58,78
DA:59,78
DA:60,78
DA:63,42
FN:63,MarginVaultV2.setDeps
FNDA:42,MarginVaultV2.setDeps
DA:67,42
DA:68,42
DA:69,42
DA:73,8
FN:73,MarginVaultV2.setBridgedOnlyAsset
FNDA:8,MarginVaultV2.setBridgedOnlyAsset
DA:74,8
DA:77,1
FN:77,MarginVaultV2._authorizeUpgrade
FNDA:1,MarginVaultV2._authorizeUpgrade
DA:80,3
FN:80,MarginVaultV2.pause
FNDA:3,MarginVaultV2.pause
DA:81,0
DA:84,1
FN:84,MarginVaultV2.unpause
FNDA:1,MarginVaultV2.unpause
DA:85,0
DA:88,61
FN:88,MarginVaultV2.deposit
FNDA:61,MarginVaultV2.deposit
DA:94,61
BRDA:94,0,0,-
BRDA:94,0,1,-
DA:95,59
DA:96,3
BRDA:96,1,0,3
BRDA:96,1,1,56
DA:97,3
DA:99,56
DA:101,61
DA:104,13
FN:104,MarginVaultV2.withdraw
FNDA:13,MarginVaultV2.withdraw
DA:110,13
BRDA:110,2,0,-
BRDA:110,2,1,-
DA:111,12
BRDA:111,3,0,-
BRDA:111,3,1,-
DA:112,2
BRDA:112,4,0,2
BRDA:112,4,1,7
DA:113,2
DA:114,2
BRDA:114,5,0,-
BRDA:114,5,1,-
DA:115,2
DA:117,7
DA:118,7
BRDA:118,6,0,-
BRDA:118,6,1,-
DA:119,7
DA:122,7
BRDA:122,7,0,-
BRDA:122,7,1,-
DA:123,5
DA:124,13
DA:127,508
FN:127,MarginVaultV2.reserve
FNDA:508,MarginVaultV2.reserve
DA:132,1
BRDA:132,8,0,1
BRDA:132,8,1,507
DA:133,1
DA:134,1
BRDA:134,9,0,-
BRDA:134,9,1,-
DA:135,1
DA:137,507
DA:138,507
BRDA:138,10,0,-
BRDA:138,10,1,-
DA:139,507
DA:142,508
DA:143,508
DA:146,479
FN:146,MarginVaultV2.release
FNDA:479,MarginVaultV2.release
DA:151,2
BRDA:151,11,0,2
BRDA:151,11,1,477
DA:152,2
DA:154,477
DA:156,479
DA:157,479
BRDA:157,12,0,478
BRDA:157,12,1,1
DA:158,1
DA:161,21
FN:161,MarginVaultV2.accountEquityZUSD
FNDA:21,MarginVaultV2.accountEquityZUSD
DA:163,21
DA:164,21
DA:165,21
BRDA:165,13,0,21
DA:166,21
DA:167,21
DA:168,35
DA:169,35
DA:170,35
DA:171,16
BRDA:171,15,0,16
DA:172,16
DA:176,21
DA:178,21
BRDA:178,16,0,12
DA:179,12
BRDA:179,17,0,6
BRDA:179,17,1,6
DA:180,6
DA:182,6
DA:186,20
FN:186,MarginVaultV2.getCrossBalance
FNDA:20,MarginVaultV2.getCrossBalance
DA:187,20
DA:191,13
FN:191,MarginVaultV2.penalize
FNDA:13,MarginVaultV2.penalize
DA:192,13
BRDA:192,18,0,-
BRDA:192,18,1,-
DA:193,11
DA:194,11
BRDA:194,19,0,-
BRDA:194,19,1,-
DA:195,13
DA:196,13
DA:200,11
FN:200,MarginVaultV2._hasSufficientEquityAfterChange
FNDA:11,MarginVaultV2._hasSufficientEquityAfterChange
DA:201,11
DA:202,5
DA:204,5
DA:205,0
DA:209,1
FN:209,MarginVaultV2.handlePostLiquidation
FNDA:1,MarginVaultV2.handlePostLiquidation
DA:211,1
BRDA:211,21,0,1
BRDA:211,21,1,-
DA:212,0
DA:216,10
FN:216,MarginVaultV2.mintCreditFromBridge
FNDA:10,MarginVaultV2.mintCreditFromBridge
DA:221,10
BRDA:221,22,0,-
BRDA:221,22,1,-
DA:222,9
BRDA:222,23,0,-
BRDA:222,23,1,-
DA:223,7
DA:224,10
DA:228,8
FN:228,MarginVaultV2.burnCreditForBridge
FNDA:8,MarginVaultV2.burnCreditForBridge
DA:233,8
BRDA:233,24,0,-
BRDA:233,24,1,-
DA:234,6
BRDA:234,25,0,-
BRDA:234,25,1,-
DA:235,5
DA:236,5
BRDA:236,26,0,-
BRDA:236,26,1,-
DA:237,5
DA:239,4
BRDA:239,27,0,-
BRDA:239,27,1,-
DA:240,8
FNF:18
FNH:18
LF:104
LH:95
BRF:49
BRH:16
end_of_record
TN:
SF:src/core/MarketFactory.sol
DA:21,19
FN:21,MarketFactory.constructor
FNDA:19,MarketFactory.constructor
DA:23,16
FN:23,MarketFactory.initialize
FNDA:16,MarketFactory.initialize
DA:25,2
FN:25,MarketFactory._authorizeUpgrade
FNDA:2,MarketFactory._authorizeUpgrade
DA:27,9
FN:27,MarketFactory.createMarket
FNDA:9,MarketFactory.createMarket
DA:34,7
DA:35,7
FNF:4
FNH:4
LF:6
LH:6
BRF:0
BRH:0
end_of_record
TN:
SF:src/core/OracleRouter.sol
DA:23,79
FN:23,OracleRouter.constructor
FNDA:79,OracleRouter.constructor
DA:24,0
DA:27,77
FN:27,OracleRouter.initialize
FNDA:77,OracleRouter.initialize
DA:28,0
DA:29,0
DA:30,77
DA:33,1
FN:33,OracleRouter._authorizeUpgrade
FNDA:1,OracleRouter._authorizeUpgrade
DA:35,133
FN:35,OracleRouter.registerAdapter
FNDA:133,OracleRouter.registerAdapter
DA:36,132
DA:37,132
DA:40,1547
FN:40,OracleRouter.getPriceInZUSD
FNDA:1547,OracleRouter.getPriceInZUSD
DA:41,1547
DA:42,1547
BRDA:42,0,0,-
BRDA:42,0,1,-
DA:43,1547
DA:44,1546
DA:47,651
FN:47,OracleRouter.getPriceAndStale
FNDA:651,OracleRouter.getPriceAndStale
DA:48,651
DA:49,651
BRDA:49,1,0,-
BRDA:49,1,1,-
DA:50,651
DA:51,650
FNF:6
FNH:6
LF:20
LH:17
BRF:4
BRH:0
end_of_record
TN:
SF:src/core/PerpEngine.sol
DA:109,49
FN:109,PerpEngine.constructor
FNDA:49,PerpEngine.constructor
DA:110,0
DA:113,49
FN:113,PerpEngine.initialize
FNDA:49,PerpEngine.initialize
DA:114,0
DA:115,0
DA:116,0
DA:117,0
DA:118,49
DA:119,49
DA:120,49
DA:121,49
DA:122,49
DA:125,0
FN:125,PerpEngine._authorizeUpgrade
FNDA:0,PerpEngine._authorizeUpgrade
DA:128,6
FN:128,PerpEngine.pause
FNDA:6,PerpEngine.pause
DA:129,0
DA:132,3
FN:132,PerpEngine.unpause
FNDA:3,PerpEngine.unpause
DA:133,0
DA:136,48
FN:136,PerpEngine.setDeps
FNDA:48,PerpEngine.setDeps
DA:145,48
DA:146,48
DA:147,48
DA:148,48
DA:149,48
DA:150,48
DA:151,48
DA:154,46
FN:154,PerpEngine.registerMarket.0
FNDA:46,PerpEngine.registerMarket.0
DA:158,46
DA:161,10
FN:161,PerpEngine.registerMarket.1
FNDA:10,PerpEngine.registerMarket.1
DA:165,10
DA:168,16
FN:168,PerpEngine.recordFill
FNDA:16,PerpEngine.recordFill
DA:169,15
BRDA:169,0,0,-
BRDA:169,0,1,-
DA:170,15
DA:173,14
DA:174,14
BRDA:174,1,0,-
BRDA:174,1,1,-
DA:175,14
DA:176,14
BRDA:176,2,0,-
BRDA:176,2,1,-
DA:177,13
BRDA:177,3,0,13
DA:178,13
DA:179,13
DA:180,13
BRDA:180,4,0,13
BRDA:180,4,1,13
DA:184,13
BRDA:184,5,0,7
DA:185,7
BRDA:185,6,0,7
BRDA:185,6,1,-
DA:189,13
DA:190,13
DA:191,13
DA:192,13
DA:194,13
DA:195,13
BRDA:195,7,0,12
BRDA:195,7,1,1
DA:197,12
DA:198,1
BRDA:198,8,0,1
BRDA:198,8,1,-
DA:200,1
DA:201,1
DA:202,1
DA:203,1
DA:204,1
DA:210,13
BRDA:210,9,0,12
DA:211,12
DA:215,13
BRDA:215,10,0,2
DA:216,2
DA:220,13
DA:223,13
BRDA:223,11,0,5
DA:224,5
DA:225,5
DA:228,13
DA:232,507
FN:232,PerpEngine._reserveInitialMargin
FNDA:507,PerpEngine._reserveInitialMargin
DA:233,507
DA:234,504
DA:237,504
DA:238,504
DA:239,504
DA:243,621
FN:243,PerpEngine.openPosition
FNDA:621,PerpEngine.openPosition
DA:248,621
DA:249,621
BRDA:249,13,0,-
BRDA:249,13,1,-
DA:250,621
DA:251,621
BRDA:251,14,0,-
BRDA:251,14,1,-
DA:252,620
BRDA:252,15,0,-
BRDA:252,15,1,-
DA:253,621
DA:254,620
DA:255,620
BRDA:255,16,0,-
BRDA:255,16,1,-
DA:256,620
DA:268,620
DA:272,494
FN:272,PerpEngine._processOpenPosition
FNDA:494,PerpEngine._processOpenPosition
DA:280,494
BRDA:280,17,0,-
BRDA:280,17,1,-
DA:281,494
DA:282,494
DA:283,494
DA:284,494
DA:285,494
DA:286,494
DA:287,494
BRDA:287,18,0,492
BRDA:287,18,1,2
DA:288,492
DA:289,2
BRDA:289,19,0,2
DA:290,2
DA:291,2
DA:292,2
DA:293,2
DA:295,494
BRDA:295,20,0,492
DA:296,494
DA:297,494
DA:298,494
DA:301,128229
FN:301,PerpEngine.closePosition
FNDA:128229,PerpEngine.closePosition
DA:302,128229
DA:303,128229
BRDA:303,21,0,-
BRDA:303,21,1,-
DA:304,499
DA:305,128229
DA:306,499
BRDA:306,22,0,-
BRDA:306,22,1,-
DA:307,499
DA:308,0
DA:310,499
DA:322,499
BRDA:322,23,0,-
BRDA:322,23,1,-
DA:323,465
DA:325,465
DA:326,465
DA:327,465
DA:330,465
DA:332,465
DA:333,465
DA:334,465
DA:335,0
BRDA:335,24,0,-
DA:337,465
BRDA:337,25,0,465
DA:338,465
DA:339,465
DA:340,465
DA:341,465
DA:342,465
DA:344,465
DA:345,465
DA:348,0
FN:348,PerpEngine.updatePositionMargin
FNDA:0,PerpEngine.updatePositionMargin
DA:353,3
FN:353,PerpEngine.getPositionMarginRatioBps
FNDA:3,PerpEngine.getPositionMarginRatioBps
DA:354,3
DA:355,3
DA:356,2
DA:357,2
DA:359,1
DA:360,1
DA:361,1
DA:362,1
DA:365,7
FN:365,PerpEngine.liquidate
FNDA:7,PerpEngine.liquidate
DA:366,7
DA:367,7
BRDA:367,29,0,-
BRDA:367,29,1,-
DA:368,6
BRDA:368,30,0,6
DA:369,6
DA:370,6
BRDA:370,31,0,-
BRDA:370,31,1,-
DA:372,6
DA:373,6
DA:374,6
DA:376,6
DA:377,6
DA:378,6
BRDA:378,32,0,-
BRDA:378,32,1,-
DA:379,6
DA:380,6
DA:382,6
DA:385,6
DA:387,6
DA:388,6
DA:391,7
FN:391,PerpEngine.liquidatePartial
FNDA:7,PerpEngine.liquidatePartial
DA:395,6
DA:396,6
BRDA:396,33,0,-
BRDA:396,33,1,-
DA:397,6
BRDA:397,34,0,-
BRDA:397,34,1,-
DA:399,5
DA:400,5
BRDA:400,35,0,-
BRDA:400,35,1,-
DA:402,4
BRDA:402,36,0,4
DA:403,4
DA:404,4
BRDA:404,37,0,-
BRDA:404,37,1,-
DA:408,0
DA:409,4
DA:411,4
BRDA:411,38,0,2
BRDA:411,38,1,-
DA:412,2
DA:413,2
DA:415,2
DA:417,2
DA:422,4
DA:423,4
DA:424,4
BRDA:424,39,0,-
BRDA:424,39,1,-
DA:426,4
DA:427,4
DA:430,4
DA:432,4
DA:435,4
DA:439,10
FN:439,PerpEngine._computeAndApplyPenalty
FNDA:10,PerpEngine._computeAndApplyPenalty
DA:443,10
DA:444,10
DA:445,10
BRDA:445,40,0,9
DA:446,9
DA:447,9
DA:448,9
DA:449,9
BRDA:449,41,0,9
BRDA:449,41,1,-
DA:450,9
DA:451,9
DA:452,0
BRDA:452,42,0,-
BRDA:452,42,1,-
DA:453,0
DA:454,0
DA:455,0
DA:457,0
DA:463,10
FN:463,PerpEngine._releaseReservedMargin
FNDA:10,PerpEngine._releaseReservedMargin
DA:467,10
DA:468,10
DA:469,10
DA:470,10
DA:471,10
DA:475,473
FN:475,PerpEngine._pruneZeroPosition
FNDA:473,PerpEngine._pruneZeroPosition
DA:476,473
DA:477,473
DA:478,473
BRDA:478,43,0,473
DA:479,473
DA:480,473
DA:481,0
DA:486,11
FN:486,PerpEngine.computeAccountMMRZ
FNDA:11,PerpEngine.computeAccountMMRZ
DA:487,11
DA:488,11
DA:489,13
DA:490,13
DA:491,13
DA:492,13
DA:493,13
DA:495,13
DA:496,13
DA:497,13
DA:501,13
FN:501,PerpEngine.getUnrealizedPnlZ
FNDA:13,PerpEngine.getUnrealizedPnlZ
DA:502,13
DA:503,13
DA:504,13
DA:505,15
DA:506,15
DA:507,15
DA:508,15
DA:509,15
DA:511,15
DA:512,15
DA:513,15
DA:514,15
DA:515,15
BRDA:515,48,0,2
DA:516,15
DA:518,0
DA:521,4
FN:521,PerpEngine.getUnrealizedPnlZWithFunding
FNDA:4,PerpEngine.getUnrealizedPnlZWithFunding
DA:522,4
DA:523,4
DA:524,4
DA:525,4
DA:526,4
BRDA:526,49,0,4
DA:528,0
DA:531,4
FN:531,PerpEngine._pnlWithFundingFor
FNDA:4,PerpEngine._pnlWithFundingFor
DA:532,4
DA:533,4
DA:534,4
DA:535,4
DA:537,4
DA:538,4
DA:539,4
DA:540,4
DA:541,4
BRDA:541,52,0,-
DA:542,4
BRDA:542,53,0,4
DA:543,4
DA:544,4
DA:545,4
DA:546,4
DA:547,4
DA:549,4
DA:552,16
FN:552,PerpEngine.getPosition
FNDA:16,PerpEngine.getPosition
DA:553,16
DA:556,20
FN:556,PerpEngine.getOpenMarketsForAccount
FNDA:20,PerpEngine.getOpenMarketsForAccount
DA:557,20
DA:561,972
FN:561,PerpEngine._emitFillAndPosition
FNDA:972,PerpEngine._emitFillAndPosition
DA:562,972
DA:565,972
DA:568,959
FN:568,PerpEngine._emitTradeExecuted
FNDA:959,PerpEngine._emitTradeExecuted
DA:579,959
FNF:28
FNH:26
LF:267
LH:247
BRF:71
BRH:25
end_of_record
TN:
SF:src/core/RiskConfig.sol
DA:25,48
FN:25,RiskConfig.constructor
FNDA:48,RiskConfig.constructor
DA:27,47
FN:27,RiskConfig.initialize
FNDA:47,RiskConfig.initialize
DA:28,0
DA:29,47
DA:32,1
FN:32,RiskConfig._authorizeUpgrade
FNDA:1,RiskConfig._authorizeUpgrade
DA:34,52
FN:34,RiskConfig.setMarketRisk
FNDA:52,RiskConfig.setMarketRisk
DA:35,52
DA:36,52
DA:39,1
FN:39,RiskConfig.getMarketRisk
FNDA:1,RiskConfig.getMarketRisk
DA:40,1
DA:43,476
FN:43,RiskConfig.getIMRBps
FNDA:476,RiskConfig.getIMRBps
DA:44,476
DA:47,14
FN:47,RiskConfig.getMMRBps
FNDA:14,RiskConfig.getMMRBps
DA:48,14
DA:51,11
FN:51,RiskConfig.getLiqPenaltyBps
FNDA:11,RiskConfig.getLiqPenaltyBps
DA:52,11
DA:55,504
FN:55,RiskConfig.requiredInitialMarginZ
FNDA:504,RiskConfig.requiredInitialMarginZ
DA:62,504
DA:63,504
DA:64,504
FNF:9
FNH:9
LF:20
LH:19
BRF:0
BRH:0
end_of_record
TN:
SF:src/core/SignedPriceOracle.sol
DA:35,77
FN:35,SignedPriceOracle.constructor
FNDA:77,SignedPriceOracle.constructor
DA:37,76
FN:37,SignedPriceOracle.initialize
FNDA:76,SignedPriceOracle.initialize
DA:38,0
DA:39,76
DA:40,76
DA:41,76
DA:44,1
FN:44,SignedPriceOracle._authorizeUpgrade
FNDA:1,SignedPriceOracle._authorizeUpgrade
DA:46,1
FN:46,SignedPriceOracle.setSigner
FNDA:1,SignedPriceOracle.setSigner
DA:47,1
DA:48,1
DA:51,7
FN:51,SignedPriceOracle.setMaxStale
FNDA:7,SignedPriceOracle.setMaxStale
DA:52,5
DA:53,5
DA:56,4
FN:56,SignedPriceOracle.getMaxStale
FNDA:4,SignedPriceOracle.getMaxStale
DA:57,4
DA:61,138
FN:61,SignedPriceOracle.setPrice
FNDA:138,SignedPriceOracle.setPrice
DA:62,138
DA:63,138
DA:66,2
FN:66,SignedPriceOracle.setPriceSigned
FNDA:2,SignedPriceOracle.setPriceSigned
DA:67,2
DA:70,2
DA:72,2
DA:73,2
DA:74,2
BRDA:74,0,0,-
BRDA:74,0,1,-
DA:77,2
DA:79,1
DA:80,2
DA:83,1
FN:83,SignedPriceOracle.setPriceSignedLegacy
FNDA:1,SignedPriceOracle.setPriceSignedLegacy
DA:85,1
DA:86,1
DA:87,1
BRDA:87,1,0,-
BRDA:87,1,1,-
DA:88,1
DA:89,1
DA:92,2192
FN:92,SignedPriceOracle.getPrice
FNDA:2192,SignedPriceOracle.getPrice
DA:93,2192
DA:94,2192
DA:95,2192
DA:97,2192
BRDA:97,2,0,2
BRDA:97,2,1,2188
DA:98,2
DA:99,2190
BRDA:99,3,0,2
BRDA:99,3,1,2188
DA:100,2
DA:102,2188
FNF:10
FNH:10
LF:42
LH:41
BRF:8
BRH:4
end_of_record
TN:
SF:src/core/TreasurySpoke.sol
DA:16,38
FN:16,TreasurySpoke.constructor
FNDA:38,TreasurySpoke.constructor
DA:18,37
FN:18,TreasurySpoke.initialize
FNDA:37,TreasurySpoke.initialize
DA:19,0
DA:20,37
DA:23,34
FN:23,TreasurySpoke.setZUsdToken
FNDA:34,TreasurySpoke.setZUsdToken
DA:24,34
DA:27,1
FN:27,TreasurySpoke._authorizeUpgrade
FNDA:1,TreasurySpoke._authorizeUpgrade
DA:29,8
FN:29,TreasurySpoke.balanceOf
FNDA:8,TreasurySpoke.balanceOf
DA:30,8
DA:34,0
FN:34,TreasurySpoke.depositFromBot
FNDA:0,TreasurySpoke.depositFromBot
DA:38,2
FN:38,TreasurySpoke.sweepToHub
FNDA:2,TreasurySpoke.sweepToHub
DA:39,1
DA:42,10
FN:42,TreasurySpoke.forwardFeesToSplitter
FNDA:10,TreasurySpoke.forwardFeesToSplitter
DA:43,10
BRDA:43,0,0,-
BRDA:43,0,1,-
DA:44,9
BRDA:44,1,0,-
BRDA:44,1,1,-
DA:45,10
BRDA:45,2,0,-
BRDA:45,2,1,-
DA:48,7
DA:49,10
DA:52,10
FN:52,TreasurySpoke.receivePenalty.0
FNDA:10,TreasurySpoke.receivePenalty.0
DA:55,10
BRDA:55,3,0,-
BRDA:55,3,1,-
DA:56,10
DA:62,0
FN:62,TreasurySpoke.receivePenalty.1
FNDA:0,TreasurySpoke.receivePenalty.1
FNF:10
FNH:8
LF:22
LH:19
BRF:8
BRH:0
end_of_record
TN:
SF:src/examples/op/ExampleL2ToL2Receiver.sol
DA:17,2
FN:17,ExampleL2ToL2Receiver.constructor
FNDA:2,ExampleL2ToL2Receiver.constructor
DA:18,2
DA:19,2
DA:22,2
FN:22,ExampleL2ToL2Receiver.ping
FNDA:2,ExampleL2ToL2Receiver.ping
DA:23,2
BRDA:23,0,0,-
BRDA:23,0,1,-
DA:24,2
BRDA:24,1,0,2
BRDA:24,1,1,-
DA:25,1
DA:26,1
DA:27,2
FNF:2
FNH:2
LF:9
LH:9
BRF:4
BRH:1
end_of_record
TN:
SF:src/examples/op/ExampleL2ToL2Sender.sol
DA:13,2
FN:13,ExampleL2ToL2Sender.constructor
FNDA:2,ExampleL2ToL2Sender.constructor
DA:14,2
DA:15,2
DA:16,2
DA:19,2
FN:19,ExampleL2ToL2Sender.setRemoteReceiver
FNDA:2,ExampleL2ToL2Sender.setRemoteReceiver
DA:20,2
DA:23,2
FN:23,ExampleL2ToL2Sender.sendPing
FNDA:2,ExampleL2ToL2Sender.sendPing
DA:24,2
DA:25,2
FNF:3
FNH:3
LF:9
LH:9
BRF:0
BRH:0
end_of_record
TN:
SF:src/faucet/MultiTokenFaucet.sol
DA:38,5
FN:38,MultiTokenFaucet.constructor
FNDA:5,MultiTokenFaucet.constructor
DA:39,5
DA:42,0
FN:42,MultiTokenFaucet.tokenList
FNDA:0,MultiTokenFaucet.tokenList
DA:43,0
DA:46,5
FN:46,MultiTokenFaucet.setCooldown
FNDA:5,MultiTokenFaucet.setCooldown
DA:47,5
DA:48,5
DA:51,11
FN:51,MultiTokenFaucet.setDrop
FNDA:11,MultiTokenFaucet.setDrop
DA:52,11
DA:53,11
BRDA:53,0,0,10
DA:54,10
DA:55,10
DA:56,10
DA:58,11
DA:61,0
FN:61,MultiTokenFaucet.setDrops
FNDA:0,MultiTokenFaucet.setDrops
DA:65,0
BRDA:65,1,0,-
BRDA:65,1,1,-
DA:66,0
DA:67,0
DA:71,0
FN:71,MultiTokenFaucet.getNextClaimAt
FNDA:0,MultiTokenFaucet.getNextClaimAt
DA:72,0
DA:73,0
DA:74,0
DA:75,0
DA:76,0
DA:80,9
FN:80,MultiTokenFaucet._dispense
FNDA:9,MultiTokenFaucet._dispense
DA:81,9
DA:82,9
DA:84,8
DA:85,8
DA:87,5
DA:88,5
BRDA:88,6,0,-
BRDA:88,6,1,-
DA:90,4
DA:91,5
DA:92,4
DA:93,5
DA:97,5
FN:97,MultiTokenFaucet.dispense
FNDA:5,MultiTokenFaucet.dispense
DA:98,5
DA:102,2
FN:102,MultiTokenFaucet.dispenseMany
FNDA:2,MultiTokenFaucet.dispenseMany
DA:108,2
DA:109,4
DA:110,4
BRDA:110,7,0,2
DA:111,2
DA:112,2
DA:118,1
FN:118,MultiTokenFaucet.withdraw
FNDA:1,MultiTokenFaucet.withdraw
DA:119,1
DA:120,1
FNF:10
FNH:7
LF:46
LH:34
BRF:6
BRH:2
end_of_record
TN:
SF:src/finance/InsuranceFund.sol
DA:17,8
FN:17,InsuranceFund.constructor
FNDA:8,InsuranceFund.constructor
DA:19,7
FN:19,InsuranceFund.initialize
FNDA:7,InsuranceFund.initialize
DA:20,0
DA:21,7
DA:24,2
FN:24,InsuranceFund._authorizeUpgrade
FNDA:2,InsuranceFund._authorizeUpgrade
DA:26,2
FN:26,InsuranceFund.pause
FNDA:2,InsuranceFund.pause
DA:27,2
FN:27,InsuranceFund.unpause
FNDA:2,InsuranceFund.unpause
DA:30,3
FN:30,InsuranceFund.decimals
FNDA:3,InsuranceFund.decimals
DA:31,3
FNF:6
FNH:6
LF:9
LH:8
BRF:0
BRH:0
end_of_record
TN:
SF:src/oracle/CompositePriceAdapter.sol
DA:30,12
FN:30,CompositePriceAdapter.constructor
FNDA:12,CompositePriceAdapter.constructor
DA:31,0
DA:34,11
FN:34,CompositePriceAdapter.initialize
FNDA:11,CompositePriceAdapter.initialize
DA:35,0
DA:36,0
DA:37,0
DA:38,0
DA:39,11
DA:40,11
DA:41,11
DA:42,11
DA:43,11
DA:46,1
FN:46,CompositePriceAdapter._authorizeUpgrade
FNDA:1,CompositePriceAdapter._authorizeUpgrade
DA:48,11
FN:48,CompositePriceAdapter.setPrimary
FNDA:11,CompositePriceAdapter.setPrimary
DA:49,11
FN:49,CompositePriceAdapter.setSecondary
FNDA:11,CompositePriceAdapter.setSecondary
DA:50,9
FN:50,CompositePriceAdapter.setPolicy
FNDA:9,CompositePriceAdapter.setPolicy
DA:51,9
DA:52,9
DA:55,11
FN:55,CompositePriceAdapter.getPrice
FNDA:11,CompositePriceAdapter.getPrice
DA:56,11
DA:57,11
DA:59,11
BRDA:59,0,0,8
DA:60,8
BRDA:60,1,0,2
DA:61,2
DA:63,6
DA:64,6
BRDA:64,2,0,3
DA:65,3
DA:66,3
BRDA:66,3,0,1
DA:67,1
DA:73,8
BRDA:73,4,0,4
DA:74,4
DA:75,4
DA:78,4
FNF:7
FNH:7
LF:33
LH:28
BRF:5
BRH:5
end_of_record
TN:
SF:src/oracle/StorkPriceAdapter.sol
DA:27,23
FN:27,StorkPriceAdapter.constructor
FNDA:23,StorkPriceAdapter.constructor
DA:28,0
DA:31,21
FN:31,StorkPriceAdapter.initialize
FNDA:21,StorkPriceAdapter.initialize
DA:32,0
DA:33,0
DA:34,0
DA:35,0
DA:36,21
DA:37,21
DA:38,21
DA:41,1
FN:41,StorkPriceAdapter._authorizeUpgrade
FNDA:1,StorkPriceAdapter._authorizeUpgrade
DA:43,4
FN:43,StorkPriceAdapter.setStork
FNDA:4,StorkPriceAdapter.setStork
DA:44,3
DA:45,3
DA:48,16
FN:48,StorkPriceAdapter.setFeed
FNDA:16,StorkPriceAdapter.setFeed
DA:49,15
BRDA:49,0,0,15
BRDA:49,0,1,13
DA:50,11
DA:51,11
DA:52,15
DA:56,8
FN:56,StorkPriceAdapter.getPrice
FNDA:8,StorkPriceAdapter.getPrice
DA:57,8
DA:58,8
BRDA:58,1,0,-
BRDA:58,1,1,-
DA:61,7
BRDA:61,2,0,7
DA:62,6
DA:64,6
BRDA:64,3,0,-
BRDA:64,3,1,-
DA:65,6
DA:66,6
DA:67,5
BRDA:67,4,0,2
BRDA:67,4,1,2
DA:68,3
BRDA:68,5,0,1
BRDA:68,5,1,2
DA:69,2
DA:70,0
DA:71,1
BRDA:71,2,1,1
DA:73,1
FNF:6
FNH:6
LF:33
LH:27
BRF:12
BRH:8
end_of_record
TN:
SF:src/risk/RiskController.sol
DA:31,9
FN:31,RiskController.constructor
FNDA:9,RiskController.constructor
DA:32,0
DA:35,8
FN:35,RiskController.initialize
FNDA:8,RiskController.initialize
DA:36,0
DA:37,0
DA:38,0
DA:39,0
DA:40,8
DA:41,8
DA:42,8
DA:45,1
FN:45,RiskController._authorizeUpgrade
FNDA:1,RiskController._authorizeUpgrade
DA:47,9
FN:47,RiskController.setGuardrails
FNDA:9,RiskController.setGuardrails
DA:51,8
BRDA:51,0,0,-
BRDA:51,0,1,-
DA:52,7
DA:53,8
DA:56,13
FN:56,RiskController.updateLtv
FNDA:13,RiskController.updateLtv
DA:57,12
DA:58,12
BRDA:58,1,0,-
BRDA:58,1,1,-
DA:59,11
DA:60,11
BRDA:60,2,0,-
BRDA:60,2,1,-
DA:61,9
BRDA:61,3,0,9
BRDA:61,3,1,8
DA:62,7
BRDA:62,4,0,6
DA:63,6
DA:64,6
BRDA:64,5,0,-
BRDA:64,5,1,-
DA:66,6
DA:67,6
DA:68,6
FNF:5
FNH:5
LF:27
LH:22
BRF:11
BRH:3
end_of_record
TN:
SF:src/satellite/EscrowGateway.sol
DA:27,27
FN:27,EscrowGateway.constructor
FNDA:27,EscrowGateway.constructor
DA:28,0
DA:31,26
FN:31,EscrowGateway.initialize
FNDA:26,EscrowGateway.initialize
DA:32,0
DA:33,0
DA:34,0
DA:35,0
DA:36,26
DA:37,26
DA:38,26
DA:41,1
FN:41,EscrowGateway._authorizeUpgrade
FNDA:1,EscrowGateway._authorizeUpgrade
DA:43,15
FN:43,EscrowGateway.setSupportedAsset
FNDA:15,EscrowGateway.setSupportedAsset
DA:44,14
DA:45,14
DA:48,5
FN:48,EscrowGateway.setMessageSenderAdapter
FNDA:5,EscrowGateway.setMessageSenderAdapter
DA:49,4
DA:50,4
DA:54,6
FN:54,EscrowGateway.deposit
FNDA:6,EscrowGateway.deposit
DA:55,6
BRDA:55,0,0,-
BRDA:55,0,1,-
DA:56,5
BRDA:56,1,0,-
BRDA:56,1,1,-
DA:57,4
DA:58,4
DA:59,4
DA:61,4
BRDA:61,2,0,2
DA:63,2
DA:73,2
BRDA:73,3,0,-
BRDA:73,3,1,-
DA:78,4
FN:78,EscrowGateway.completeWithdrawal
FNDA:4,EscrowGateway.completeWithdrawal
DA:84,4
DA:85,4
FNF:7
FNH:7
LF:29
LH:24
BRF:7
BRH:1
end_of_record
TN:
SF:src/tokens/MockERC20.sol
DA:12,127
FN:12,MockERC20.constructor
FNDA:127,MockERC20.constructor
DA:13,127
DA:16,7
FN:16,MockERC20.decimals
FNDA:7,MockERC20.decimals
DA:17,7
DA:21,79
FN:21,MockERC20.mint
FNDA:79,MockERC20.mint
DA:22,79
FNF:3
FNH:3
LF:6
LH:6
BRF:0
BRH:0
end_of_record
TN:
SF:src/tokens/MockzUSD.sol
DA:13,0
FN:13,MockzUSD.decimals
FNDA:0,MockzUSD.decimals
DA:14,0
DA:17,106
FN:17,MockzUSD.mint
FNDA:106,MockzUSD.mint
DA:18,106
FNF:2
FNH:1
LF:4
LH:2
BRF:0
BRH:0
end_of_record
TN:
SF:test/BridgeAdapterLimits.t.sol
DA:13,2
FN:13,MockVault2.mintCreditFromBridge
FNDA:2,MockVault2.mintCreditFromBridge
DA:14,2
DA:16,1
FN:16,MockVault2.burnCreditForBridge
FNDA:1,MockVault2.burnCreditForBridge
DA:17,1
DA:28,1
FN:28,MockSenderAdapter.sendWithdrawal
FNDA:1,MockSenderAdapter.sendWithdrawal
DA:29,1
FNF:3
FNH:3
LF:6
LH:6
BRF:0
BRH:0
end_of_record
TN:
SF:test/BridgeAdapterMore.t.sol
DA:14,3
FN:14,MockVaultBA.mintCreditFromBridge
FNDA:3,MockVaultBA.mintCreditFromBridge
DA:15,3
DA:18,3
FN:18,MockVaultBA.burnCreditForBridge
FNDA:3,MockVaultBA.burnCreditForBridge
DA:19,3
DA:24,1
FN:24,RevertingSenderAdapter.sendWithdrawal
FNDA:1,RevertingSenderAdapter.sendWithdrawal
DA:25,1
DA:31,0
FN:31,GoodSenderAdapter.sendWithdrawal
FNDA:0,GoodSenderAdapter.sendWithdrawal
FNF:4
FNH:3
LF:7
LH:6
BRF:0
BRH:0
end_of_record
TN:
SF:test/BridgeFlow.t.sol
DA:19,1
FN:19,MockPerpEngine.setUPnL
FNDA:1,MockPerpEngine.setUPnL
DA:20,1
FN:20,MockPerpEngine.setMMR
FNDA:1,MockPerpEngine.setMMR
DA:22,2
FN:22,MockPerpEngine.getUnrealizedPnlZ
FNDA:2,MockPerpEngine.getUnrealizedPnlZ
DA:23,2
FN:23,MockPerpEngine.computeAccountMMRZ
FNDA:2,MockPerpEngine.computeAccountMMRZ
FNF:4
FNH:4
LF:4
LH:4
BRF:0
BRH:0
end_of_record
TN:
SF:test/CompositePriceAdapter.t.sol
DA:13,17
FN:13,MockAdapter.set
FNDA:17,MockAdapter.set
DA:14,20
FN:14,MockAdapter.getPrice
FNDA:20,MockAdapter.getPrice
FNF:2
FNH:2
LF:2
LH:2
BRF:0
BRH:0
end_of_record
TN:
SF:test/CompositePriceAdapterUUPS.t.sol
DA:10,1
FN:10,MockAdapterUUPS.getPrice
FNDA:1,MockAdapterUUPS.getPrice
DA:11,1
FNF:1
FNH:1
LF:2
LH:2
BRF:0
BRH:0
end_of_record
TN:
SF:test/EscrowGatewayMore.t.sol
DA:11,1
FN:11,MockAdapterGood.sendDeposit
FNDA:1,MockAdapterGood.sendDeposit
DA:12,1
DA:17,1
FN:17,MockAdapterBad.sendDeposit
FNDA:1,MockAdapterBad.sendDeposit
DA:18,1
FNF:2
FNH:2
LF:4
LH:4
BRF:0
BRH:0
end_of_record
TN:
SF:test/MarginVaultV2Bridge.t.sol
DA:11,2
FN:11,MockCollateralManagerMV2B.assetValueInZUSD
FNDA:2,MockCollateralManagerMV2B.assetValueInZUSD
DA:12,2
DA:14,0
FN:14,MockCollateralManagerMV2B.collateralValueInZUSD
FNDA:0,MockCollateralManagerMV2B.collateralValueInZUSD
DA:15,0
DA:17,0
FN:17,MockCollateralManagerMV2B.getAssets
FNDA:0,MockCollateralManagerMV2B.getAssets
DA:18,0
DA:19,0
DA:20,0
FNF:3
FNH:1
LF:8
LH:2
BRF:0
BRH:0
end_of_record
TN:
SF:test/MarginVaultV2Equity.t.sol
DA:12,1
FN:12,MockCMEquity.setTracked
FNDA:1,MockCMEquity.setTracked
DA:13,2
FN:13,MockCMEquity.assetValueInZUSD
FNDA:2,MockCMEquity.assetValueInZUSD
DA:14,3
FN:14,MockCMEquity.collateralValueInZUSD
FNDA:3,MockCMEquity.collateralValueInZUSD
DA:15,3
FN:15,MockCMEquity.getAssets
FNDA:3,MockCMEquity.getAssets
DA:16,3
DA:17,3
DA:18,0
FNF:4
FNH:4
LF:7
LH:6
BRF:0
BRH:0
end_of_record
TN:
SF:test/MarginVaultV2More.t.sol
DA:11,4
FN:11,MockCollateralManager.assetValueInZUSD
FNDA:4,MockCollateralManager.assetValueInZUSD
DA:12,4
DA:14,0
FN:14,MockCollateralManager.collateralValueInZUSD
FNDA:0,MockCollateralManager.collateralValueInZUSD
DA:15,0
DA:17,2
FN:17,MockCollateralManager.getAssets
FNDA:2,MockCollateralManager.getAssets
DA:18,2
DA:19,2
DA:20,0
DA:26,2
FN:26,MockEngineMV2.set
FNDA:2,MockEngineMV2.set
DA:27,2
FN:27,MockEngineMV2.computeAccountMMRZ
FNDA:2,MockEngineMV2.computeAccountMMRZ
DA:28,2
FN:28,MockEngineMV2.getUnrealizedPnlZ
FNDA:2,MockEngineMV2.getUnrealizedPnlZ
FNF:6
FNH:5
LF:11
LH:8
BRF:0
BRH:0
end_of_record
TN:
SF:test/OpL2L2Adapters.t.sol
DA:21,3
FN:21,MockL2ToL2Messenger.setXSender
FNDA:3,MockL2ToL2Messenger.setXSender
DA:23,4
FN:23,MockL2ToL2Messenger.sendMessage
FNDA:4,MockL2ToL2Messenger.sendMessage
DA:24,4
DA:25,4
DA:26,4
DA:27,4
BRDA:27,0,0,2
DA:29,0
DA:34,4
FN:34,MockL2ToL2Messenger.xDomainMessageSender
FNDA:4,MockL2ToL2Messenger.xDomainMessageSender
DA:35,4
DA:45,1
FN:45,MockVault.mintCreditFromBridge
FNDA:1,MockVault.mintCreditFromBridge
DA:46,1
DA:48,0
FN:48,MockVault.burnCreditForBridge
FNDA:0,MockVault.burnCreditForBridge
FNF:5
FNH:4
LF:12
LH:10
BRF:1
BRH:1
end_of_record
TN:
SF:test/OpL2L2MessengerExample.t.sol
DA:12,2
FN:12,MockL2ToL2Messenger.setXSender
FNDA:2,MockL2ToL2Messenger.setXSender
DA:14,2
FN:14,MockL2ToL2Messenger.sendMessage
FNDA:2,MockL2ToL2Messenger.sendMessage
DA:15,2
DA:16,2
BRDA:16,0,0,1
DA:18,0
DA:23,2
FN:23,MockL2ToL2Messenger.xDomainMessageSender
FNDA:2,MockL2ToL2Messenger.xDomainMessageSender
DA:24,2
FNF:3
FNH:3
LF:7
LH:6
BRF:1
BRH:1
end_of_record
TN:
SF:test/OpL2L2ReceiverMore.t.sol
DA:16,0
FN:16,MockVaultR.mintCreditFromBridge
FNDA:0,MockVaultR.mintCreditFromBridge
DA:17,0
FN:17,MockVaultR.burnCreditForBridge
FNDA:0,MockVaultR.burnCreditForBridge
DA:22,4
FN:22,MockMessengerR.setXSender
FNDA:4,MockMessengerR.setXSender
DA:23,0
FN:23,MockMessengerR.sendMessage
FNDA:0,MockMessengerR.sendMessage
DA:24,6
FN:24,MockMessengerR.xDomainMessageSender
FNDA:6,MockMessengerR.xDomainMessageSender
FNF:5
FNH:2
LF:5
LH:2
BRF:0
BRH:0
end_of_record
TN:
SF:test/OpL2L2ReceiverUUPS.t.sol
DA:10,0
FN:10,MockL2ToL2MessengerUUPS.sendMessage
FNDA:0,MockL2ToL2MessengerUUPS.sendMessage
DA:11,0
FN:11,MockL2ToL2MessengerUUPS.xDomainMessageSender
FNDA:0,MockL2ToL2MessengerUUPS.xDomainMessageSender
FNF:2
FNH:0
LF:2
LH:0
BRF:0
BRH:0
end_of_record
TN:
SF:test/OpL2L2SenderMore.t.sol
DA:15,4
FN:15,MockL2ToL2Messenger2.sendMessage
FNDA:4,MockL2ToL2Messenger2.sendMessage
DA:16,4
DA:18,0
FN:18,MockL2ToL2Messenger2.xDomainMessageSender
FNDA:0,MockL2ToL2Messenger2.xDomainMessageSender
FNF:2
FNH:1
LF:3
LH:2
BRF:0
BRH:0
end_of_record
TN:
SF:test/OpL2L2SenderUUPS.t.sol
DA:10,0
FN:10,MockL2ToL2Messenger3.sendMessage
FNDA:0,MockL2ToL2Messenger3.sendMessage
DA:11,0
FN:11,MockL2ToL2Messenger3.xDomainMessageSender
FNDA:0,MockL2ToL2Messenger3.xDomainMessageSender
FNF:2
FNH:0
LF:2
LH:0
BRF:0
BRH:0
end_of_record
TN:
SF:test/OracleRouterMore.t.sol
DA:11,3
FN:11,MockPA2.constructor
FNDA:3,MockPA2.constructor
DA:12,2
FN:12,MockPA2.getPrice
FNDA:2,MockPA2.getPrice
DA:13,2
FNF:2
FNH:2
LF:3
LH:3
BRF:0
BRH:0
end_of_record
TN:
SF:test/OracleRouterUUPS.t.sol
DA:13,4
FN:13,MockPriceAdapter.constructor
FNDA:4,MockPriceAdapter.constructor
DA:14,5
FN:14,MockPriceAdapter.getPrice
FNDA:5,MockPriceAdapter.getPrice
DA:15,5
FNF:2
FNH:2
LF:3
LH:3
BRF:0
BRH:0
end_of_record
TN:
SF:test/RiskController.t.sol
DA:12,5
FN:12,MockCM.setAssetConfig
FNDA:5,MockCM.setAssetConfig
DA:13,5
DA:15,0
FN:15,MockCM.assetValueInZUSD
FNDA:0,MockCM.assetValueInZUSD
DA:16,0
FN:16,MockCM.collateralValueInZUSD
FNDA:0,MockCM.collateralValueInZUSD
DA:17,9
FN:17,MockCM.config
FNDA:9,MockCM.config
DA:18,9
DA:19,9
FNF:4
FNH:2
LF:7
LH:5
BRF:0
BRH:0
end_of_record
TN:
SF:test/RiskControllerMore.t.sol
DA:12,9
FN:12,MockCMMore.setAssetConfig
FNDA:9,MockCMMore.setAssetConfig
DA:13,9
DA:15,0
FN:15,MockCMMore.assetValueInZUSD
FNDA:0,MockCMMore.assetValueInZUSD
DA:16,0
FN:16,MockCMMore.collateralValueInZUSD
FNDA:0,MockCMMore.collateralValueInZUSD
DA:17,6
FN:17,MockCMMore.config
FNDA:6,MockCMMore.config
DA:18,6
DA:19,6
FNF:4
FNH:2
LF:7
LH:5
BRF:0
BRH:0
end_of_record
TN:
SF:test/StorkPriceAdapter.t.sol
DA:15,3
FN:15,MockStork.set
FNDA:3,MockStork.set
DA:17,3
FN:17,MockStork.getTemporalNumericValueV1
FNDA:3,MockStork.getTemporalNumericValueV1
DA:18,1
BRDA:18,0,0,1
DA:19,2
DA:22,0
FN:22,MockStork.getTemporalNumericValueUnsafeV1
FNDA:0,MockStork.getTemporalNumericValueUnsafeV1
DA:23,0
BRDA:23,1,0,-
DA:24,0
FNF:3
FNH:2
LF:7
LH:4
BRF:2
BRH:1
end_of_record
TN:
SF:test/StorkPriceAdapterBranch.t.sol
DA:16,4
FN:16,MockStorkExtended.set
FNDA:4,MockStorkExtended.set
DA:18,4
FN:18,MockStorkExtended.getTemporalNumericValueV1
FNDA:4,MockStorkExtended.getTemporalNumericValueV1
DA:19,0
BRDA:19,0,0,-
DA:20,4
DA:23,0
FN:23,MockStorkExtended.getTemporalNumericValueUnsafeV1
FNDA:0,MockStorkExtended.getTemporalNumericValueUnsafeV1
DA:24,0
BRDA:24,1,0,-
DA:25,0
FNF:3
FNH:2
LF:7
LH:3
BRF:2
BRH:0
end_of_record
TN:
SF:test/StorkPriceAdapterMore.t.sol
DA:13,0
FN:13,MockStork2.set
FNDA:0,MockStork2.set
DA:14,0
FN:14,MockStork2.getTemporalNumericValueV1
FNDA:0,MockStork2.getTemporalNumericValueV1
DA:15,0
DA:17,0
FN:17,MockStork2.getTemporalNumericValueUnsafeV1
FNDA:0,MockStork2.getTemporalNumericValueUnsafeV1
DA:18,0
FNF:3
FNH:0
LF:5
LH:0
BRF:0
BRH:0
end_of_record
